<?xml version="1.0" encoding="UTF-8"?>
<!-- Generated by org.testng.reporters.JUnitReportReporter -->
<testsuite skipped="0" hostname="dell" name="testCases.TC_002_Login" tests="1" failures="0" timestamp="2022-04-04T17:22:43 AEST" time="11.633" errors="0">
  <testcase name="test_Login" time="11.633" classname="testCases.TC_002_Login"/>
  <system-out/>
</testsuite> <!-- testCases.TC_002_Login -->
