<?xml version="1.0" encoding="UTF-8"?>
<!-- Generated by org.testng.reporters.JUnitReportReporter -->
<testsuite skipped="0" hostname="dell" name="testCases.TC_003_LoginDDT" tests="4" failures="0" timestamp="2022-04-05T10:24:14 AEST" time="67.326" errors="0">
  <testcase name="test_LoginDDT" time="17.398" classname="testCases.TC_003_LoginDDT"/>
  <system-out/>
  <testcase name="test_LoginDDT" time="16.594" classname="testCases.TC_003_LoginDDT"/>
  <system-out/>
  <testcase name="test_LoginDDT" time="16.656" classname="testCases.TC_003_LoginDDT"/>
  <system-out/>
  <testcase name="test_LoginDDT" time="16.678" classname="testCases.TC_003_LoginDDT"/>
  <system-out/>
</testsuite> <!-- testCases.TC_003_LoginDDT -->
