<?xml version="1.0" encoding="UTF-8"?>
<!-- Generated by org.testng.reporters.JUnitReportReporter -->
<testsuite skipped="0" hostname="dell" name="testCases.TC_001_AccountRegistration" tests="1" failures="0" timestamp="2022-04-04T17:22:43 AEST" time="14.132" errors="0">
  <testcase name="test_account_Registration" time="14.132" classname="testCases.TC_001_AccountRegistration"/>
  <system-out/>
</testsuite> <!-- testCases.TC_001_AccountRegistration -->
